This file contains any messages produced by compilers while
running configure, to aid debugging if configure makes a mistake.

It was created by configure, which was
generated by GNU Autoconf 2.63.  Invocation command line was

  $ ./configure --prefix=/home/claudio/workshops/mini-taller-2017/gabbasov-gadget/gadget/viewer

## --------- ##
## Platform. ##
## --------- ##

hostname = hikuri2
uname -m = x86_64
uname -r = 4.4.0-72-generic
uname -s = Linux
uname -v = #93-Ubuntu SMP Fri Mar 31 14:07:41 UTC 2017

/usr/bin/uname -p = unknown
/bin/uname -X     = unknown

/bin/arch              = unknown
/usr/bin/arch -k       = unknown
/usr/convex/getsysinfo = unknown
/usr/bin/hostinfo      = unknown
/bin/machine           = unknown
/usr/bin/oslevel       = unknown
/bin/universe          = unknown

PATH: /home/claudio/Servicio-Social/Parametros/CosmoMC/prerrequisitos/plc-2.0/bin
PATH: /home/claudio/software/openMPI/2.0.2/bin
PATH: /home/claudio/0_Intel/composer_xe_2017/compilers_and_libraries_2017.1.132/linux/bin/intel64
PATH: /home/claudio/0_Intel/composer_xe_2017/compilers_and_libraries_2017.1.132/linux/mpi/intel64/bin
PATH: /home/claudio/0_Intel/composer_xe_2017/debugger_2017/gdb/intel64_mic/bin
PATH: /usr/local/sbin
PATH: /usr/local/bin
PATH: /usr/sbin
PATH: /usr/bin
PATH: /sbin
PATH: /bin
PATH: /usr/games
PATH: /usr/local/games
PATH: /snap/bin
PATH: /home/claudio/.local/bin


## ----------- ##
## Core tests. ##
## ----------- ##

configure:2156: checking for a BSD-compatible install
configure:2224: result: /usr/bin/install -c
configure:2235: checking whether build environment is sane
configure:2295: result: yes
configure:2436: checking for a thread-safe mkdir -p
configure:2475: result: /bin/mkdir -p
configure:2488: checking for gawk
configure:2518: result: no
configure:2488: checking for mawk
configure:2504: found /usr/bin/mawk
configure:2515: result: mawk
configure:2526: checking whether make sets $(MAKE)
configure:2548: result: yes
configure:2661: checking build system type
configure:2679: result: x86_64-unknown-linux-gnu
configure:2701: checking host system type
configure:2716: result: x86_64-unknown-linux-gnu
configure:2750: checking for style of include used by make
configure:2778: result: GNU
configure:2848: checking for gcc
configure:2864: found /usr/bin/gcc
configure:2875: result: gcc
configure:3107: checking for C compiler version
configure:3115: gcc --version >&5
gcc (Ubuntu 5.4.0-6ubuntu1~16.04.4) 5.4.0 20160609
Copyright (C) 2015 Free Software Foundation, Inc.
This is free software; see the source for copying conditions.  There is NO
warranty; not even for MERCHANTABILITY or FITNESS FOR A PARTICULAR PURPOSE.

configure:3119: $? = 0
configure:3126: gcc -v >&5
Using built-in specs.
COLLECT_GCC=gcc
COLLECT_LTO_WRAPPER=/usr/lib/gcc/x86_64-linux-gnu/5/lto-wrapper
Target: x86_64-linux-gnu
Configured with: ../src/configure -v --with-pkgversion='Ubuntu 5.4.0-6ubuntu1~16.04.4' --with-bugurl=file:///usr/share/doc/gcc-5/README.Bugs --enable-languages=c,ada,c++,java,go,d,fortran,objc,obj-c++ --prefix=/usr --program-suffix=-5 --enable-shared --enable-linker-build-id --libexecdir=/usr/lib --without-included-gettext --enable-threads=posix --libdir=/usr/lib --enable-nls --with-sysroot=/ --enable-clocale=gnu --enable-libstdcxx-debug --enable-libstdcxx-time=yes --with-default-libstdcxx-abi=new --enable-gnu-unique-object --disable-vtable-verify --enable-libmpx --enable-plugin --with-system-zlib --disable-browser-plugin --enable-java-awt=gtk --enable-gtk-cairo --with-java-home=/usr/lib/jvm/java-1.5.0-gcj-5-amd64/jre --enable-java-home --with-jvm-root-dir=/usr/lib/jvm/java-1.5.0-gcj-5-amd64 --with-jvm-jar-dir=/usr/lib/jvm-exports/java-1.5.0-gcj-5-amd64 --with-arch-directory=amd64 --with-ecj-jar=/usr/share/java/eclipse-ecj.jar --enable-objc-gc --enable-multiarch --disable-werror --with-arch-32=i686 --with-abi=m64 --with-multilib-list=m32,m64,mx32 --enable-multilib --with-tune=generic --enable-checking=release --build=x86_64-linux-gnu --host=x86_64-linux-gnu --target=x86_64-linux-gnu
Thread model: posix
gcc version 5.4.0 20160609 (Ubuntu 5.4.0-6ubuntu1~16.04.4) 
configure:3130: $? = 0
configure:3137: gcc -V >&5
gcc: error: unrecognized command line option '-V'
gcc: fatal error: no input files
compilation terminated.
configure:3141: $? = 1
configure:3164: checking for C compiler default output file name
configure:3186: gcc    conftest.c  >&5
configure:3190: $? = 0
configure:3228: result: a.out
configure:3247: checking whether the C compiler works
configure:3257: ./a.out
configure:3261: $? = 0
configure:3280: result: yes
configure:3287: checking whether we are cross compiling
configure:3289: result: no
configure:3292: checking for suffix of executables
configure:3299: gcc -o conftest    conftest.c  >&5
configure:3303: $? = 0
configure:3329: result: 
configure:3335: checking for suffix of object files
configure:3361: gcc -c   conftest.c >&5
configure:3365: $? = 0
configure:3390: result: o
configure:3394: checking whether we are using the GNU C compiler
configure:3423: gcc -c   conftest.c >&5
configure:3430: $? = 0
configure:3447: result: yes
configure:3456: checking whether gcc accepts -g
configure:3486: gcc -c -g  conftest.c >&5
configure:3493: $? = 0
configure:3594: result: yes
configure:3611: checking for gcc option to accept ISO C89
configure:3685: gcc  -c -g -O2  conftest.c >&5
configure:3692: $? = 0
configure:3715: result: none needed
configure:3735: checking dependency style of gcc
configure:3845: result: gcc3
configure:3860: checking for a sed that does not truncate output
configure:3926: result: /bin/sed
configure:3944: checking for grep that handles long lines and -e
configure:4004: result: /bin/grep
configure:4009: checking for egrep
configure:4073: result: /bin/grep -E
configure:4078: checking for fgrep
configure:4142: result: /bin/grep -F
configure:4177: checking for ld used by gcc
configure:4244: result: /usr/bin/ld
configure:4253: checking if the linker (/usr/bin/ld) is GNU ld
configure:4268: result: yes
configure:4280: checking for BSD- or MS-compatible name lister (nm)
configure:4329: result: /usr/bin/nm -B
configure:4447: checking the name lister (/usr/bin/nm -B) interface
configure:4454: gcc -c -g -O2  conftest.c >&5
configure:4457: /usr/bin/nm -B "conftest.o"
configure:4460: output
0000000000000000 B some_variable
configure:4467: result: BSD nm
configure:4470: checking whether ln -s works
configure:4474: result: yes
configure:4482: checking the maximum length of command line arguments
configure:4602: result: 1572864
configure:4619: checking whether the shell understands some XSI constructs
configure:4629: result: yes
configure:4633: checking whether the shell understands "+="
configure:4639: result: yes
configure:4674: checking for /usr/bin/ld option to reload object files
configure:4681: result: -r
configure:4750: checking for objdump
configure:4766: found /usr/bin/objdump
configure:4777: result: objdump
configure:4809: checking how to recognize dependent libraries
configure:5005: result: pass_all
configure:5065: checking for ar
configure:5081: found /usr/bin/ar
configure:5092: result: ar
configure:5170: checking for strip
configure:5186: found /usr/bin/strip
configure:5197: result: strip
configure:5269: checking for ranlib
configure:5285: found /usr/bin/ranlib
configure:5296: result: ranlib
configure:5386: checking command to parse /usr/bin/nm -B output from gcc object
configure:5504: gcc -c -g -O2  conftest.c >&5
configure:5507: $? = 0
configure:5511: /usr/bin/nm -B conftest.o \| sed -n -e 's/^.*[	 ]\([ABCDGIRSTW][ABCDGIRSTW]*\)[	 ][	 ]*\([_A-Za-z][_A-Za-z0-9]*\)$/\1 \2 \2/p' \> conftest.nm
configure:5514: $? = 0
configure:5568: gcc -o conftest -g -O2   conftest.c conftstm.o >&5
configure:5571: $? = 0
configure:5609: result: ok
configure:5705: gcc -c -g -O2  conftest.c >&5
configure:5708: $? = 0
configure:6476: checking how to run the C preprocessor
configure:6516: gcc -E  conftest.c
configure:6523: $? = 0
configure:6554: gcc -E  conftest.c
conftest.c:10:28: fatal error: ac_nonexistent.h: No such file or directory
compilation terminated.
configure:6561: $? = 1
configure: failed program was:
| /* confdefs.h.  */
| #define PACKAGE_NAME ""
| #define PACKAGE_TARNAME ""
| #define PACKAGE_VERSION ""
| #define PACKAGE_STRING ""
| #define PACKAGE_BUGREPORT ""
| #define PACKAGE "gadgetviewer"
| #define VERSION "1.0.6"
| /* end confdefs.h.  */
| #include <ac_nonexistent.h>
configure:6594: result: gcc -E
configure:6623: gcc -E  conftest.c
configure:6630: $? = 0
configure:6661: gcc -E  conftest.c
conftest.c:10:28: fatal error: ac_nonexistent.h: No such file or directory
compilation terminated.
configure:6668: $? = 1
configure: failed program was:
| /* confdefs.h.  */
| #define PACKAGE_NAME ""
| #define PACKAGE_TARNAME ""
| #define PACKAGE_VERSION ""
| #define PACKAGE_STRING ""
| #define PACKAGE_BUGREPORT ""
| #define PACKAGE "gadgetviewer"
| #define VERSION "1.0.6"
| /* end confdefs.h.  */
| #include <ac_nonexistent.h>
configure:6708: checking for ANSI C header files
configure:6738: gcc -c -g -O2  conftest.c >&5
configure:6745: $? = 0
configure:6844: gcc -o conftest -g -O2   conftest.c  >&5
configure:6848: $? = 0
configure:6854: ./conftest
configure:6858: $? = 0
configure:6876: result: yes
configure:6900: checking for sys/types.h
configure:6921: gcc -c -g -O2  conftest.c >&5
configure:6928: $? = 0
configure:6945: result: yes
configure:6900: checking for sys/stat.h
configure:6921: gcc -c -g -O2  conftest.c >&5
configure:6928: $? = 0
configure:6945: result: yes
configure:6900: checking for stdlib.h
configure:6921: gcc -c -g -O2  conftest.c >&5
configure:6928: $? = 0
configure:6945: result: yes
configure:6900: checking for string.h
configure:6921: gcc -c -g -O2  conftest.c >&5
configure:6928: $? = 0
configure:6945: result: yes
configure:6900: checking for memory.h
configure:6921: gcc -c -g -O2  conftest.c >&5
configure:6928: $? = 0
configure:6945: result: yes
configure:6900: checking for strings.h
configure:6921: gcc -c -g -O2  conftest.c >&5
configure:6928: $? = 0
configure:6945: result: yes
configure:6900: checking for inttypes.h
configure:6921: gcc -c -g -O2  conftest.c >&5
configure:6928: $? = 0
configure:6945: result: yes
configure:6900: checking for stdint.h
configure:6921: gcc -c -g -O2  conftest.c >&5
configure:6928: $? = 0
configure:6945: result: yes
configure:6900: checking for unistd.h
configure:6921: gcc -c -g -O2  conftest.c >&5
configure:6928: $? = 0
configure:6945: result: yes
configure:6963: checking for dlfcn.h
configure:6984: gcc -c -g -O2  conftest.c >&5
configure:6991: $? = 0
configure:7008: result: yes
configure:7194: checking for objdir
configure:7209: result: .libs
configure:7505: checking if gcc supports -fno-rtti -fno-exceptions
configure:7523: gcc -c -g -O2  -fno-rtti -fno-exceptions conftest.c >&5
cc1: warning: command line option '-fno-rtti' is valid for C++/ObjC++ but not for C
configure:7527: $? = 0
configure:7540: result: no
configure:7560: checking for gcc option to produce PIC
configure:7832: result: -fPIC -DPIC
configure:7844: checking if gcc PIC flag -fPIC -DPIC works
configure:7862: gcc -c -g -O2  -fPIC -DPIC -DPIC conftest.c >&5
configure:7866: $? = 0
configure:7879: result: yes
configure:7903: checking if gcc static flag -static works
configure:7931: result: yes
configure:7946: checking if gcc supports -c -o file.o
configure:7967: gcc -c -g -O2  -o out/conftest2.o conftest.c >&5
configure:7971: $? = 0
configure:7993: result: yes
configure:8001: checking if gcc supports -c -o file.o
configure:8048: result: yes
configure:8081: checking whether the gcc linker (/usr/bin/ld -m elf_x86_64) supports shared libraries
configure:9155: result: yes
configure:9192: checking whether -lc should be explicitly linked in
configure:9197: gcc -c -g -O2  conftest.c >&5
configure:9200: $? = 0
configure:9215: gcc -shared conftest.o  -v -Wl,-soname -Wl,conftest -o conftest 2\>\&1 \| /bin/grep  -lc  \>/dev/null 2\>\&1
configure:9218: $? = 0
configure:9230: result: no
configure:9394: checking dynamic linker characteristics
configure:9837: gcc -o conftest -g -O2   -Wl,-rpath -Wl,/foo conftest.c  >&5
configure:9844: $? = 0
configure:10080: result: GNU/Linux ld.so
configure:10182: checking how to hardcode library paths into programs
configure:10207: result: immediate
configure:11040: checking whether stripping libraries is possible
configure:11045: result: yes
configure:11080: checking if libtool supports shared libraries
configure:11082: result: yes
configure:11085: checking whether to build shared libraries
configure:11106: result: yes
configure:11109: checking whether to build static libraries
configure:11113: result: yes
configure:11151: checking whether make sets $(MAKE)
configure:11173: result: yes
configure:11196: checking for a BSD-compatible install
configure:11264: result: /usr/bin/install -c
configure:11323: checking for gcc
configure:11350: result: gcc
configure:11582: checking for C compiler version
configure:11590: gcc --version >&5
gcc (Ubuntu 5.4.0-6ubuntu1~16.04.4) 5.4.0 20160609
Copyright (C) 2015 Free Software Foundation, Inc.
This is free software; see the source for copying conditions.  There is NO
warranty; not even for MERCHANTABILITY or FITNESS FOR A PARTICULAR PURPOSE.

configure:11594: $? = 0
configure:11601: gcc -v >&5
Using built-in specs.
COLLECT_GCC=gcc
COLLECT_LTO_WRAPPER=/usr/lib/gcc/x86_64-linux-gnu/5/lto-wrapper
Target: x86_64-linux-gnu
Configured with: ../src/configure -v --with-pkgversion='Ubuntu 5.4.0-6ubuntu1~16.04.4' --with-bugurl=file:///usr/share/doc/gcc-5/README.Bugs --enable-languages=c,ada,c++,java,go,d,fortran,objc,obj-c++ --prefix=/usr --program-suffix=-5 --enable-shared --enable-linker-build-id --libexecdir=/usr/lib --without-included-gettext --enable-threads=posix --libdir=/usr/lib --enable-nls --with-sysroot=/ --enable-clocale=gnu --enable-libstdcxx-debug --enable-libstdcxx-time=yes --with-default-libstdcxx-abi=new --enable-gnu-unique-object --disable-vtable-verify --enable-libmpx --enable-plugin --with-system-zlib --disable-browser-plugin --enable-java-awt=gtk --enable-gtk-cairo --with-java-home=/usr/lib/jvm/java-1.5.0-gcj-5-amd64/jre --enable-java-home --with-jvm-root-dir=/usr/lib/jvm/java-1.5.0-gcj-5-amd64 --with-jvm-jar-dir=/usr/lib/jvm-exports/java-1.5.0-gcj-5-amd64 --with-arch-directory=amd64 --with-ecj-jar=/usr/share/java/eclipse-ecj.jar --enable-objc-gc --enable-multiarch --disable-werror --with-arch-32=i686 --with-abi=m64 --with-multilib-list=m32,m64,mx32 --enable-multilib --with-tune=generic --enable-checking=release --build=x86_64-linux-gnu --host=x86_64-linux-gnu --target=x86_64-linux-gnu
Thread model: posix
gcc version 5.4.0 20160609 (Ubuntu 5.4.0-6ubuntu1~16.04.4) 
configure:11605: $? = 0
configure:11612: gcc -V >&5
gcc: error: unrecognized command line option '-V'
gcc: fatal error: no input files
compilation terminated.
configure:11616: $? = 1
configure:11619: checking whether we are using the GNU C compiler
configure:11672: result: yes
configure:11681: checking whether gcc accepts -g
configure:11819: result: yes
configure:11836: checking for gcc option to accept ISO C89
configure:11940: result: none needed
configure:11960: checking dependency style of gcc
configure:12070: result: gcc3
configure:12138: checking for gfortran
configure:12154: found /usr/bin/gfortran
configure:12165: result: gfortran
configure:12191: checking for Fortran compiler version
configure:12199: gfortran --version >&5
GNU Fortran (Ubuntu 5.4.0-6ubuntu1~16.04.4) 5.4.0 20160609
Copyright (C) 2015 Free Software Foundation, Inc.

GNU Fortran comes with NO WARRANTY, to the extent permitted by law.
You may redistribute copies of GNU Fortran
under the terms of the GNU General Public License.
For more information about these matters, see the file named COPYING

configure:12203: $? = 0
configure:12210: gfortran -v >&5
Using built-in specs.
COLLECT_GCC=gfortran
COLLECT_LTO_WRAPPER=/usr/lib/gcc/x86_64-linux-gnu/5/lto-wrapper
Target: x86_64-linux-gnu
Configured with: ../src/configure -v --with-pkgversion='Ubuntu 5.4.0-6ubuntu1~16.04.4' --with-bugurl=file:///usr/share/doc/gcc-5/README.Bugs --enable-languages=c,ada,c++,java,go,d,fortran,objc,obj-c++ --prefix=/usr --program-suffix=-5 --enable-shared --enable-linker-build-id --libexecdir=/usr/lib --without-included-gettext --enable-threads=posix --libdir=/usr/lib --enable-nls --with-sysroot=/ --enable-clocale=gnu --enable-libstdcxx-debug --enable-libstdcxx-time=yes --with-default-libstdcxx-abi=new --enable-gnu-unique-object --disable-vtable-verify --enable-libmpx --enable-plugin --with-system-zlib --disable-browser-plugin --enable-java-awt=gtk --enable-gtk-cairo --with-java-home=/usr/lib/jvm/java-1.5.0-gcj-5-amd64/jre --enable-java-home --with-jvm-root-dir=/usr/lib/jvm/java-1.5.0-gcj-5-amd64 --with-jvm-jar-dir=/usr/lib/jvm-exports/java-1.5.0-gcj-5-amd64 --with-arch-directory=amd64 --with-ecj-jar=/usr/share/java/eclipse-ecj.jar --enable-objc-gc --enable-multiarch --disable-werror --with-arch-32=i686 --with-abi=m64 --with-multilib-list=m32,m64,mx32 --enable-multilib --with-tune=generic --enable-checking=release --build=x86_64-linux-gnu --host=x86_64-linux-gnu --target=x86_64-linux-gnu
Thread model: posix
gcc version 5.4.0 20160609 (Ubuntu 5.4.0-6ubuntu1~16.04.4) 
configure:12214: $? = 0
configure:12221: gfortran -V >&5
gfortran: error: unrecognized command line option '-V'
gfortran: fatal error: no input files
compilation terminated.
configure:12225: $? = 1
configure:12233: checking whether we are using the GNU Fortran compiler
configure:12252: gfortran -c   conftest.F >&5
configure:12259: $? = 0
configure:12276: result: yes
configure:12282: checking whether gfortran accepts -g
configure:12299: gfortran -c -g  conftest.f >&5
configure:12306: $? = 0
configure:12322: result: yes
configure:12453: checking for Fortran compiler version
configure:12461: gfortran --version >&5
GNU Fortran (Ubuntu 5.4.0-6ubuntu1~16.04.4) 5.4.0 20160609
Copyright (C) 2015 Free Software Foundation, Inc.

GNU Fortran comes with NO WARRANTY, to the extent permitted by law.
You may redistribute copies of GNU Fortran
under the terms of the GNU General Public License.
For more information about these matters, see the file named COPYING

configure:12465: $? = 0
configure:12472: gfortran -v >&5
Using built-in specs.
COLLECT_GCC=gfortran
COLLECT_LTO_WRAPPER=/usr/lib/gcc/x86_64-linux-gnu/5/lto-wrapper
Target: x86_64-linux-gnu
Configured with: ../src/configure -v --with-pkgversion='Ubuntu 5.4.0-6ubuntu1~16.04.4' --with-bugurl=file:///usr/share/doc/gcc-5/README.Bugs --enable-languages=c,ada,c++,java,go,d,fortran,objc,obj-c++ --prefix=/usr --program-suffix=-5 --enable-shared --enable-linker-build-id --libexecdir=/usr/lib --without-included-gettext --enable-threads=posix --libdir=/usr/lib --enable-nls --with-sysroot=/ --enable-clocale=gnu --enable-libstdcxx-debug --enable-libstdcxx-time=yes --with-default-libstdcxx-abi=new --enable-gnu-unique-object --disable-vtable-verify --enable-libmpx --enable-plugin --with-system-zlib --disable-browser-plugin --enable-java-awt=gtk --enable-gtk-cairo --with-java-home=/usr/lib/jvm/java-1.5.0-gcj-5-amd64/jre --enable-java-home --with-jvm-root-dir=/usr/lib/jvm/java-1.5.0-gcj-5-amd64 --with-jvm-jar-dir=/usr/lib/jvm-exports/java-1.5.0-gcj-5-amd64 --with-arch-directory=amd64 --with-ecj-jar=/usr/share/java/eclipse-ecj.jar --enable-objc-gc --enable-multiarch --disable-werror --with-arch-32=i686 --with-abi=m64 --with-multilib-list=m32,m64,mx32 --enable-multilib --with-tune=generic --enable-checking=release --build=x86_64-linux-gnu --host=x86_64-linux-gnu --target=x86_64-linux-gnu
Thread model: posix
gcc version 5.4.0 20160609 (Ubuntu 5.4.0-6ubuntu1~16.04.4) 
configure:12476: $? = 0
configure:12483: gfortran -V >&5
gfortran: error: unrecognized command line option '-V'
gfortran: fatal error: no input files
compilation terminated.
configure:12487: $? = 1
configure:12495: checking whether we are using the GNU Fortran compiler
configure:12538: result: yes
configure:12544: checking whether gfortran accepts -g
configure:12584: result: yes
configure:12717: checking if libtool supports shared libraries
configure:12719: result: yes
configure:12722: checking whether to build shared libraries
configure:12742: result: yes
configure:12745: checking whether to build static libraries
configure:12749: result: yes
configure:12775: gfortran -c -g -O2  conftest.f >&5
configure:12778: $? = 0
configure:12906: checking for gfortran option to produce PIC
configure:13178: result: -fPIC
configure:13187: checking if gfortran PIC flag -fPIC works
configure:13205: gfortran -c -g -O2 -fPIC  conftest.f >&5
configure:13209: $? = 0
configure:13222: result: yes
configure:13243: checking if gfortran static flag -static works
configure:13271: result: yes
configure:13283: checking if gfortran supports -c -o file.o
configure:13304: gfortran -c -g -O2 -o out/conftest2.o  conftest.f >&5
configure:13308: $? = 0
configure:13330: result: yes
configure:13335: checking if gfortran supports -c -o file.o
configure:13382: result: yes
configure:13412: checking whether the gfortran linker (/usr/bin/ld -m elf_x86_64) supports shared libraries
configure:14466: result: yes
configure:14603: checking dynamic linker characteristics
configure:14984: gfortran -o conftest -g -O2  -Wl,-rpath -Wl,/foo  conftest.f  >&5
configure:14991: $? = 0
configure:15227: result: GNU/Linux ld.so
configure:15278: checking how to hardcode library paths into programs
configure:15303: result: immediate
configure:15339: checking whether to enable maintainer-specific portions of Makefiles
configure:15348: result: no
configure:15399: checking for a Python interpreter with version >= 2.0
configure:15416: python -c import sys # split strings by '.' and convert to numeric. Append some zeros # because we need at least 4 digits for the hex conversion. # map returns an iterator in Python 3.0 and a list in 2.x minver = list(map(int, '2.0'.split('.'))) + [0, 0, 0] minverhex = 0 # xrange is not present in Python 3.0 and range returns an iterator for i in list(range(0, 4)): minverhex = (minverhex << 8) + minver[i] sys.exit(sys.hexversion < minverhex)
configure:15419: $? = 0
configure:15426: result: python
configure:15434: checking for python
configure:15452: found /usr/bin/python
configure:15464: result: /usr/bin/python
configure:15482: checking for python version
configure:15489: result: 2.7
configure:15501: checking for python platform
configure:15508: result: linux2
configure:15515: checking for python script directory
configure:15544: result: ${prefix}/lib/python2.7/site-packages
configure:15553: checking for python extension module directory
configure:15582: result: ${exec_prefix}/lib/python2.7/site-packages
configure:15605: checking for ANSI C header files
configure:15773: result: yes
configure:15787: checking size of int
configure:16092: gcc -o conftest -g -O2   conftest.c  >&5
configure:16096: $? = 0
configure:16102: ./conftest
configure:16106: $? = 0
configure:16132: result: 4
configure:16146: checking size of void *
configure:16451: gcc -o conftest -g -O2   conftest.c  >&5
configure:16455: $? = 0
configure:16461: ./conftest
configure:16465: $? = 0
configure:16491: result: 8
configure:16505: checking size of double
configure:16810: gcc -o conftest -g -O2   conftest.c  >&5
configure:16814: $? = 0
configure:16820: ./conftest
configure:16824: $? = 0
configure:16850: result: 8
configure:16861: checking for fabs in -lm
configure:16896: gcc -o conftest -g -O2   conftest.c -lm   >&5
conftest.c:33:6: warning: conflicting types for built-in function 'fabs'
 char fabs ();
      ^
configure:16903: $? = 0
configure:16924: result: yes
configure:16938: checking whether byte ordering is bigendian
configure:16963: gcc -c -g -O2  conftest.c >&5
conftest.c:28:9: error: unknown type name 'not'
         not a universal capable compiler
         ^
conftest.c:28:15: error: expected '=', ',', ';', 'asm' or '__attribute__' before 'universal'
         not a universal capable compiler
               ^
conftest.c:28:15: error: unknown type name 'universal'
configure:16970: $? = 1
configure: failed program was:
| /* confdefs.h.  */
| #define PACKAGE_NAME ""
| #define PACKAGE_TARNAME ""
| #define PACKAGE_VERSION ""
| #define PACKAGE_STRING ""
| #define PACKAGE_BUGREPORT ""
| #define PACKAGE "gadgetviewer"
| #define VERSION "1.0.6"
| #define STDC_HEADERS 1
| #define HAVE_SYS_TYPES_H 1
| #define HAVE_SYS_STAT_H 1
| #define HAVE_STDLIB_H 1
| #define HAVE_STRING_H 1
| #define HAVE_MEMORY_H 1
| #define HAVE_STRINGS_H 1
| #define HAVE_INTTYPES_H 1
| #define HAVE_STDINT_H 1
| #define HAVE_UNISTD_H 1
| #define HAVE_DLFCN_H 1
| #define LT_OBJDIR ".libs/"
| #define STDC_HEADERS 1
| #define SIZEOF_INT 4
| #define SIZEOF_VOID_P 8
| #define SIZEOF_DOUBLE 8
| #define HAVE_LIBM 1
| /* end confdefs.h.  */
| #ifndef __APPLE_CC__
| 	       not a universal capable compiler
| 	     #endif
| 	     typedef int dummy;
| 
configure:17020: gcc -c -g -O2  conftest.c >&5
configure:17027: $? = 0
configure:17059: gcc -c -g -O2  conftest.c >&5
conftest.c: In function 'main':
conftest.c:34:4: error: unknown type name 'not'
    not big endian
    ^
conftest.c:34:12: error: expected '=', ',', ';', 'asm' or '__attribute__' before 'endian'
    not big endian
            ^
configure:17066: $? = 1
configure: failed program was:
| /* confdefs.h.  */
| #define PACKAGE_NAME ""
| #define PACKAGE_TARNAME ""
| #define PACKAGE_VERSION ""
| #define PACKAGE_STRING ""
| #define PACKAGE_BUGREPORT ""
| #define PACKAGE "gadgetviewer"
| #define VERSION "1.0.6"
| #define STDC_HEADERS 1
| #define HAVE_SYS_TYPES_H 1
| #define HAVE_SYS_STAT_H 1
| #define HAVE_STDLIB_H 1
| #define HAVE_STRING_H 1
| #define HAVE_MEMORY_H 1
| #define HAVE_STRINGS_H 1
| #define HAVE_INTTYPES_H 1
| #define HAVE_STDINT_H 1
| #define HAVE_UNISTD_H 1
| #define HAVE_DLFCN_H 1
| #define LT_OBJDIR ".libs/"
| #define STDC_HEADERS 1
| #define SIZEOF_INT 4
| #define SIZEOF_VOID_P 8
| #define SIZEOF_DOUBLE 8
| #define HAVE_LIBM 1
| /* end confdefs.h.  */
| #include <sys/types.h>
| 		#include <sys/param.h>
| 
| int
| main ()
| {
| #if BYTE_ORDER != BIG_ENDIAN
| 		 not big endian
| 		#endif
| 
|   ;
|   return 0;
| }
configure:17318: result: no
configure:17356: checking for inflate in -lz
configure:17391: gcc -o conftest -g -O2   conftest.c -lz  -lm  >&5
configure:17398: $? = 0
configure:17419: result: yes
configure:17454: checking for pkg-config
configure:17472: found /usr/bin/pkg-config
configure:17485: result: /usr/bin/pkg-config
configure:17507: checking for GTK+ - version >= 2.0.0
configure:17627: gcc -o conftest -g -O2 -pthread -I/usr/include/gtk-2.0 -I/usr/lib/x86_64-linux-gnu/gtk-2.0/include -I/usr/include/gio-unix-2.0/ -I/usr/include/cairo -I/usr/include/pango-1.0 -I/usr/include/atk-1.0 -I/usr/include/cairo -I/usr/include/pixman-1 -I/usr/include/libpng12 -I/usr/include/gdk-pixbuf-2.0 -I/usr/include/libpng12 -I/usr/include/pango-1.0 -I/usr/include/harfbuzz -I/usr/include/pango-1.0 -I/usr/include/glib-2.0 -I/usr/lib/x86_64-linux-gnu/glib-2.0/include -I/usr/include/freetype2   conftest.c -lgtk-x11-2.0 -lgdk-x11-2.0 -lpangocairo-1.0 -latk-1.0 -lcairo -lgdk_pixbuf-2.0 -lgio-2.0 -lpangoft2-1.0 -lpango-1.0 -lgobject-2.0 -lglib-2.0 -lfontconfig -lfreetype -lz -lm  >&5
conftest.c: In function 'main':
conftest.c:39:3: warning: ignoring return value of 'system', declared with attribute warn_unused_result [-Wunused-result]
   system ("touch conf.gtktest");
   ^
configure:17631: $? = 0
configure:17637: ./conftest
configure:17641: $? = 0
configure:17662: result: yes (version 2.24.30)
configure:17859: checking pkg-config is at least version 0.9.0
configure:17862: result: yes
configure:17913: checking for GLIB
configure:17921: $PKG_CONFIG --exists --print-errors "glib-2.0"
configure:17924: $? = 0
configure:17939: $PKG_CONFIG --exists --print-errors "glib-2.0"
configure:17942: $? = 0
configure:17978: result: yes
configure:18003: checking for g_main_loop_new in -lglib-2.0
configure:18038: gcc -o conftest -g -O2   -lglib-2.0 conftest.c -lglib-2.0  -lz -lm  >&5
configure:18045: $? = 0
configure:18066: result: yes
configure:18154: checking for LIBPNG
configure:18162: $PKG_CONFIG --exists --print-errors "libpng"
configure:18165: $? = 0
configure:18180: $PKG_CONFIG --exists --print-errors "libpng"
configure:18183: $? = 0
configure:18219: result: yes
configure:18244: checking for png_create_write_struct in -lpng
configure:18279: gcc -o conftest -g -O2   -lpng12 conftest.c -lpng  -lz -lm  >&5
configure:18286: $? = 0
configure:18307: result: yes
configure:18395: checking for PLPLOT
configure:18403: $PKG_CONFIG --exists --print-errors "plplotd"
Package plplotd was not found in the pkg-config search path.
Perhaps you should add the directory containing `plplotd.pc'
to the PKG_CONFIG_PATH environment variable
No package 'plplotd' found
configure:18406: $? = 1
configure:18421: $PKG_CONFIG --exists --print-errors "plplotd"
Package plplotd was not found in the pkg-config search path.
Perhaps you should add the directory containing `plplotd.pc'
to the PKG_CONFIG_PATH environment variable
No package 'plplotd' found
configure:18424: $? = 1
No package 'plplotd' found
configure:18452: result: no
configure:18485: checking for c_plgver in -lplplotd
configure:18520: gcc -o conftest -g -O2    conftest.c -lplplotd  -lz -lm  >&5
/usr/bin/ld: cannot find -lplplotd
collect2: error: ld returned 1 exit status
configure:18527: $? = 1
configure: failed program was:
| /* confdefs.h.  */
| #define PACKAGE_NAME ""
| #define PACKAGE_TARNAME ""
| #define PACKAGE_VERSION ""
| #define PACKAGE_STRING ""
| #define PACKAGE_BUGREPORT ""
| #define PACKAGE "gadgetviewer"
| #define VERSION "1.0.6"
| #define STDC_HEADERS 1
| #define HAVE_SYS_TYPES_H 1
| #define HAVE_SYS_STAT_H 1
| #define HAVE_STDLIB_H 1
| #define HAVE_STRING_H 1
| #define HAVE_MEMORY_H 1
| #define HAVE_STRINGS_H 1
| #define HAVE_INTTYPES_H 1
| #define HAVE_STDINT_H 1
| #define HAVE_UNISTD_H 1
| #define HAVE_DLFCN_H 1
| #define LT_OBJDIR ".libs/"
| #define STDC_HEADERS 1
| #define SIZEOF_INT 4
| #define SIZEOF_VOID_P 8
| #define SIZEOF_DOUBLE 8
| #define HAVE_LIBM 1
| #define HAVE_LIBZ 1
| #define HAVE_GLIB /**/
| #define HAVE_LIBPNG /**/
| /* end confdefs.h.  */
| 
| /* Override any GCC internal prototype to avoid an error.
|    Use char because int might match the return type of a GCC
|    builtin and then its argument prototype would still apply.  */
| #ifdef __cplusplus
| extern "C"
| #endif
| char c_plgver ();
| int
| main ()
| {
| return c_plgver ();
|   ;
|   return 0;
| }
configure:18548: result: no
configure:18636: checking for CAIRO
configure:18644: $PKG_CONFIG --exists --print-errors "cairo"
configure:18647: $? = 0
configure:18662: $PKG_CONFIG --exists --print-errors "cairo"
configure:18665: $? = 0
configure:18701: result: yes
configure:18726: checking for cairo_version_string in -lcairo
configure:18761: gcc -o conftest -g -O2   -lcairo conftest.c -lcairo  -lz -lm  >&5
configure:18768: $? = 0
configure:18789: result: yes
configure:18877: checking for HDF5
configure:18885: $PKG_CONFIG --exists --print-errors "hdf5"
configure:18888: $? = 0
configure:18903: $PKG_CONFIG --exists --print-errors "hdf5"
configure:18906: $? = 0
configure:18942: result: yes
configure:18967: checking for H5open in -lhdf5
configure:19002: gcc -o conftest -g -O2   -L/usr/lib/x86_64-linux-gnu/hdf5/serial -lhdf5 conftest.c -lhdf5  -lz -lm  >&5
configure:19009: $? = 0
configure:19030: result: yes
configure:19077: checking for g_key_file_new in -lglib-2.0
configure:19112: gcc -o conftest -g -O2   conftest.c -lglib-2.0  -lz -lm  >&5
configure:19119: $? = 0
configure:19140: result: yes
configure:19184: checking how to get verbose linking output from gfortran
configure:19200: gfortran -c -g -O2  conftest.f >&5
configure:19207: $? = 0
configure:19229: gfortran -o conftest -g -O2 -v conftest.f -lz -lm
Using built-in specs.
Target: x86_64-linux-gnu
Configured with: ../src/configure -v --with-pkgversion='Ubuntu 5.4.0-6ubuntu1~16.04.4' --with-bugurl=file:///usr/share/doc/gcc-5/README.Bugs --enable-languages=c,ada,c++,java,go,d,fortran,objc,obj-c++ --prefix=/usr --program-suffix=-5 --enable-shared --enable-linker-build-id --libexecdir=/usr/lib --without-included-gettext --enable-threads=posix --libdir=/usr/lib --enable-nls --with-sysroot=/ --enable-clocale=gnu --enable-libstdcxx-debug --enable-libstdcxx-time=yes --with-default-libstdcxx-abi=new --enable-gnu-unique-object --disable-vtable-verify --enable-libmpx --enable-plugin --with-system-zlib --disable-browser-plugin --enable-java-awt=gtk --enable-gtk-cairo --with-java-home=/usr/lib/jvm/java-1.5.0-gcj-5-amd64/jre --enable-java-home --with-jvm-root-dir=/usr/lib/jvm/java-1.5.0-gcj-5-amd64 --with-jvm-jar-dir=/usr/lib/jvm-exports/java-1.5.0-gcj-5-amd64 --with-arch-directory=amd64 --with-ecj-jar=/usr/share/java/eclipse-ecj.jar --enable-objc-gc --enable-multiarch --disable-werror --with-arch-32=i686 --with-abi=m64 --with-multilib-list=m32,m64,mx32 --enable-multilib --with-tune=generic --enable-checking=release --build=x86_64-linux-gnu --host=x86_64-linux-gnu --target=x86_64-linux-gnu
Thread model: posix
gcc version 5.4.0 20160609 (Ubuntu 5.4.0-6ubuntu1~16.04.4) 
 /usr/lib/gcc/x86_64-linux-gnu/5/f951 conftest.f -ffixed-form -quiet -dumpbase conftest.f -mtune=generic -march=x86-64 -auxbase conftest -g -O2 -version -fintrinsic-modules-path /usr/lib/gcc/x86_64-linux-gnu/5/finclude -o /tmp/cca5DzYd.s
GNU Fortran (Ubuntu 5.4.0-6ubuntu1~16.04.4) version 5.4.0 20160609 (x86_64-linux-gnu)
	compiled by GNU C version 5.4.0 20160609, GMP version 6.1.0, MPFR version 3.1.4, MPC version 1.0.3
GGC heuristics: --param ggc-min-expand=100 --param ggc-min-heapsize=131072
GNU Fortran2008 (Ubuntu 5.4.0-6ubuntu1~16.04.4) version 5.4.0 20160609 (x86_64-linux-gnu)
	compiled by GNU C version 5.4.0 20160609, GMP version 6.1.0, MPFR version 3.1.4, MPC version 1.0.3
GGC heuristics: --param ggc-min-expand=100 --param ggc-min-heapsize=131072
 as -v --64 -o /tmp/ccqCoyn6.o /tmp/cca5DzYd.s
GNU assembler version 2.26.1 (x86_64-linux-gnu) using BFD version (GNU Binutils for Ubuntu) 2.26.1
Reading specs from /usr/lib/gcc/x86_64-linux-gnu/5/libgfortran.spec
rename spec lib to liborig
 /usr/lib/gcc/x86_64-linux-gnu/5/collect2 -plugin /usr/lib/gcc/x86_64-linux-gnu/5/liblto_plugin.so -plugin-opt=/usr/lib/gcc/x86_64-linux-gnu/5/lto-wrapper -plugin-opt=-fresolution=/tmp/ccOV3hNY.res -plugin-opt=-pass-through=-lgcc_s -plugin-opt=-pass-through=-lgcc -plugin-opt=-pass-through=-lquadmath -plugin-opt=-pass-through=-lm -plugin-opt=-pass-through=-lgcc_s -plugin-opt=-pass-through=-lgcc -plugin-opt=-pass-through=-lc -plugin-opt=-pass-through=-lgcc_s -plugin-opt=-pass-through=-lgcc --sysroot=/ --build-id --eh-frame-hdr -m elf_x86_64 --hash-style=gnu --as-needed -dynamic-linker /lib64/ld-linux-x86-64.so.2 -z relro -o conftest /usr/lib/gcc/x86_64-linux-gnu/5/../../../x86_64-linux-gnu/crt1.o /usr/lib/gcc/x86_64-linux-gnu/5/../../../x86_64-linux-gnu/crti.o /usr/lib/gcc/x86_64-linux-gnu/5/crtbegin.o -L/usr/lib/gcc/x86_64-linux-gnu/5 -L/usr/lib/gcc/x86_64-linux-gnu/5/../../../x86_64-linux-gnu -L/usr/lib/gcc/x86_64-linux-gnu/5/../../../../lib -L/lib/x86_64-linux-gnu -L/lib/../lib -L/usr/lib/x86_64-linux-gnu -L/usr/lib/../lib -L/home/claudio/0_Intel/composer_xe_2017/compilers_and_libraries_2017.1.132/linux/ipp/lib/intel64 -L/home/claudio/0_Intel/composer_xe_2017/compilers_and_libraries_2017.1.132/linux/compiler/lib/intel64_lin -L/home/claudio/0_Intel/composer_xe_2017/compilers_and_libraries_2017.1.132/linux/mkl/lib/intel64_lin -L/home/claudio/0_Intel/composer_xe_2017/compilers_and_libraries_2017.1.132/linux/tbb/lib/intel64/gcc4.7 -L/home/claudio/0_Intel/composer_xe_2017/compilers_and_libraries_2017.1.132/linux/daal/lib/intel64_lin -L/home/claudio/0_Intel/composer_xe_2017/compilers_and_libraries_2017.1.132/linux/daal/../tbb/lib/intel64_lin/gcc4.4 -L/usr/lib/gcc/x86_64-linux-gnu/5/../../.. /tmp/ccqCoyn6.o -lz -lgfortran -lm -lgfortran -lm -lgcc_s -lgcc -lquadmath -lm -lgcc_s -lgcc -lc -lgcc_s -lgcc /usr/lib/gcc/x86_64-linux-gnu/5/crtend.o /usr/lib/gcc/x86_64-linux-gnu/5/../../../x86_64-linux-gnu/crtn.o
configure:19298: result: -v
configure:19300: checking for Fortran libraries of gfortran
configure:19323: gfortran -o conftest -g -O2 -v conftest.f -lz -lm
Using built-in specs.
Target: x86_64-linux-gnu
Configured with: ../src/configure -v --with-pkgversion='Ubuntu 5.4.0-6ubuntu1~16.04.4' --with-bugurl=file:///usr/share/doc/gcc-5/README.Bugs --enable-languages=c,ada,c++,java,go,d,fortran,objc,obj-c++ --prefix=/usr --program-suffix=-5 --enable-shared --enable-linker-build-id --libexecdir=/usr/lib --without-included-gettext --enable-threads=posix --libdir=/usr/lib --enable-nls --with-sysroot=/ --enable-clocale=gnu --enable-libstdcxx-debug --enable-libstdcxx-time=yes --with-default-libstdcxx-abi=new --enable-gnu-unique-object --disable-vtable-verify --enable-libmpx --enable-plugin --with-system-zlib --disable-browser-plugin --enable-java-awt=gtk --enable-gtk-cairo --with-java-home=/usr/lib/jvm/java-1.5.0-gcj-5-amd64/jre --enable-java-home --with-jvm-root-dir=/usr/lib/jvm/java-1.5.0-gcj-5-amd64 --with-jvm-jar-dir=/usr/lib/jvm-exports/java-1.5.0-gcj-5-amd64 --with-arch-directory=amd64 --with-ecj-jar=/usr/share/java/eclipse-ecj.jar --enable-objc-gc --enable-multiarch --disable-werror --with-arch-32=i686 --with-abi=m64 --with-multilib-list=m32,m64,mx32 --enable-multilib --with-tune=generic --enable-checking=release --build=x86_64-linux-gnu --host=x86_64-linux-gnu --target=x86_64-linux-gnu
Thread model: posix
gcc version 5.4.0 20160609 (Ubuntu 5.4.0-6ubuntu1~16.04.4) 
 /usr/lib/gcc/x86_64-linux-gnu/5/f951 conftest.f -ffixed-form -quiet -dumpbase conftest.f -mtune=generic -march=x86-64 -auxbase conftest -g -O2 -version -fintrinsic-modules-path /usr/lib/gcc/x86_64-linux-gnu/5/finclude -o /tmp/ccN60Wji.s
GNU Fortran (Ubuntu 5.4.0-6ubuntu1~16.04.4) version 5.4.0 20160609 (x86_64-linux-gnu)
	compiled by GNU C version 5.4.0 20160609, GMP version 6.1.0, MPFR version 3.1.4, MPC version 1.0.3
GGC heuristics: --param ggc-min-expand=100 --param ggc-min-heapsize=131072
GNU Fortran2008 (Ubuntu 5.4.0-6ubuntu1~16.04.4) version 5.4.0 20160609 (x86_64-linux-gnu)
	compiled by GNU C version 5.4.0 20160609, GMP version 6.1.0, MPFR version 3.1.4, MPC version 1.0.3
GGC heuristics: --param ggc-min-expand=100 --param ggc-min-heapsize=131072
 as -v --64 -o /tmp/ccaNWzTa.o /tmp/ccN60Wji.s
GNU assembler version 2.26.1 (x86_64-linux-gnu) using BFD version (GNU Binutils for Ubuntu) 2.26.1
Reading specs from /usr/lib/gcc/x86_64-linux-gnu/5/libgfortran.spec
rename spec lib to liborig
 /usr/lib/gcc/x86_64-linux-gnu/5/collect2 -plugin /usr/lib/gcc/x86_64-linux-gnu/5/liblto_plugin.so -plugin-opt=/usr/lib/gcc/x86_64-linux-gnu/5/lto-wrapper -plugin-opt=-fresolution=/tmp/ccBRS2t3.res -plugin-opt=-pass-through=-lgcc_s -plugin-opt=-pass-through=-lgcc -plugin-opt=-pass-through=-lquadmath -plugin-opt=-pass-through=-lm -plugin-opt=-pass-through=-lgcc_s -plugin-opt=-pass-through=-lgcc -plugin-opt=-pass-through=-lc -plugin-opt=-pass-through=-lgcc_s -plugin-opt=-pass-through=-lgcc --sysroot=/ --build-id --eh-frame-hdr -m elf_x86_64 --hash-style=gnu --as-needed -dynamic-linker /lib64/ld-linux-x86-64.so.2 -z relro -o conftest /usr/lib/gcc/x86_64-linux-gnu/5/../../../x86_64-linux-gnu/crt1.o /usr/lib/gcc/x86_64-linux-gnu/5/../../../x86_64-linux-gnu/crti.o /usr/lib/gcc/x86_64-linux-gnu/5/crtbegin.o -L/usr/lib/gcc/x86_64-linux-gnu/5 -L/usr/lib/gcc/x86_64-linux-gnu/5/../../../x86_64-linux-gnu -L/usr/lib/gcc/x86_64-linux-gnu/5/../../../../lib -L/lib/x86_64-linux-gnu -L/lib/../lib -L/usr/lib/x86_64-linux-gnu -L/usr/lib/../lib -L/home/claudio/0_Intel/composer_xe_2017/compilers_and_libraries_2017.1.132/linux/ipp/lib/intel64 -L/home/claudio/0_Intel/composer_xe_2017/compilers_and_libraries_2017.1.132/linux/compiler/lib/intel64_lin -L/home/claudio/0_Intel/composer_xe_2017/compilers_and_libraries_2017.1.132/linux/mkl/lib/intel64_lin -L/home/claudio/0_Intel/composer_xe_2017/compilers_and_libraries_2017.1.132/linux/tbb/lib/intel64/gcc4.7 -L/home/claudio/0_Intel/composer_xe_2017/compilers_and_libraries_2017.1.132/linux/daal/lib/intel64_lin -L/home/claudio/0_Intel/composer_xe_2017/compilers_and_libraries_2017.1.132/linux/daal/../tbb/lib/intel64_lin/gcc4.4 -L/usr/lib/gcc/x86_64-linux-gnu/5/../../.. /tmp/ccaNWzTa.o -lz -lgfortran -lm -lgfortran -lm -lgcc_s -lgcc -lquadmath -lm -lgcc_s -lgcc -lc -lgcc_s -lgcc /usr/lib/gcc/x86_64-linux-gnu/5/crtend.o /usr/lib/gcc/x86_64-linux-gnu/5/../../../x86_64-linux-gnu/crtn.o
configure:19500: result:  -L/usr/lib/gcc/x86_64-linux-gnu/5 -L/usr/lib/gcc/x86_64-linux-gnu/5/../../../x86_64-linux-gnu -L/usr/lib/gcc/x86_64-linux-gnu/5/../../../../lib -L/lib/x86_64-linux-gnu -L/lib/../lib -L/usr/lib/x86_64-linux-gnu -L/usr/lib/../lib -L/home/claudio/0_Intel/composer_xe_2017/compilers_and_libraries_2017.1.132/linux/ipp/lib/intel64 -L/home/claudio/0_Intel/composer_xe_2017/compilers_and_libraries_2017.1.132/linux/compiler/lib/intel64_lin -L/home/claudio/0_Intel/composer_xe_2017/compilers_and_libraries_2017.1.132/linux/mkl/lib/intel64_lin -L/home/claudio/0_Intel/composer_xe_2017/compilers_and_libraries_2017.1.132/linux/tbb/lib/intel64/gcc4.7 -L/home/claudio/0_Intel/composer_xe_2017/compilers_and_libraries_2017.1.132/linux/daal/lib/intel64_lin -L/home/claudio/0_Intel/composer_xe_2017/compilers_and_libraries_2017.1.132/linux/daal/../tbb/lib/intel64_lin/gcc4.4 -L/usr/lib/gcc/x86_64-linux-gnu/5/../../.. -lz -lgfortran -lm -lquadmath
configure:19515: checking for dummy main to link with Fortran libraries
configure:19559: gcc -o conftest -g -O2   conftest.c -lz -lm   -L/usr/lib/gcc/x86_64-linux-gnu/5 -L/usr/lib/gcc/x86_64-linux-gnu/5/../../../x86_64-linux-gnu -L/usr/lib/gcc/x86_64-linux-gnu/5/../../../../lib -L/lib/x86_64-linux-gnu -L/lib/../lib -L/usr/lib/x86_64-linux-gnu -L/usr/lib/../lib -L/home/claudio/0_Intel/composer_xe_2017/compilers_and_libraries_2017.1.132/linux/ipp/lib/intel64 -L/home/claudio/0_Intel/composer_xe_2017/compilers_and_libraries_2017.1.132/linux/compiler/lib/intel64_lin -L/home/claudio/0_Intel/composer_xe_2017/compilers_and_libraries_2017.1.132/linux/mkl/lib/intel64_lin -L/home/claudio/0_Intel/composer_xe_2017/compilers_and_libraries_2017.1.132/linux/tbb/lib/intel64/gcc4.7 -L/home/claudio/0_Intel/composer_xe_2017/compilers_and_libraries_2017.1.132/linux/daal/lib/intel64_lin -L/home/claudio/0_Intel/composer_xe_2017/compilers_and_libraries_2017.1.132/linux/daal/../tbb/lib/intel64_lin/gcc4.4 -L/usr/lib/gcc/x86_64-linux-gnu/5/../../.. -lz -lgfortran -lm -lquadmath >&5
configure:19566: $? = 0
configure:19654: result: none
configure:19692: checking for Fortran name-mangling scheme
configure:19711: gfortran -c -g -O2  conftest.f >&5
configure:19718: $? = 0
configure:19773: gcc -o conftest -g -O2   conftest.c cfortran_test.o -lz -lm   -L/usr/lib/gcc/x86_64-linux-gnu/5 -L/usr/lib/gcc/x86_64-linux-gnu/5/../../../x86_64-linux-gnu -L/usr/lib/gcc/x86_64-linux-gnu/5/../../../../lib -L/lib/x86_64-linux-gnu -L/lib/../lib -L/usr/lib/x86_64-linux-gnu -L/usr/lib/../lib -L/home/claudio/0_Intel/composer_xe_2017/compilers_and_libraries_2017.1.132/linux/ipp/lib/intel64 -L/home/claudio/0_Intel/composer_xe_2017/compilers_and_libraries_2017.1.132/linux/compiler/lib/intel64_lin -L/home/claudio/0_Intel/composer_xe_2017/compilers_and_libraries_2017.1.132/linux/mkl/lib/intel64_lin -L/home/claudio/0_Intel/composer_xe_2017/compilers_and_libraries_2017.1.132/linux/tbb/lib/intel64/gcc4.7 -L/home/claudio/0_Intel/composer_xe_2017/compilers_and_libraries_2017.1.132/linux/daal/lib/intel64_lin -L/home/claudio/0_Intel/composer_xe_2017/compilers_and_libraries_2017.1.132/linux/daal/../tbb/lib/intel64_lin/gcc4.4 -L/usr/lib/gcc/x86_64-linux-gnu/5/../../.. -lz -lgfortran -lm -lquadmath >&5
/tmp/ccbah0Qn.o: In function `main':
/home/claudio/workshops/mini-taller-2017/gabbasov-gadget/gadgetviewer-1.0.6/conftest.c:52: undefined reference to `foobar'
collect2: error: ld returned 1 exit status
configure:19780: $? = 1
configure: failed program was:
| /* confdefs.h.  */
| #define PACKAGE_NAME ""
| #define PACKAGE_TARNAME ""
| #define PACKAGE_VERSION ""
| #define PACKAGE_STRING ""
| #define PACKAGE_BUGREPORT ""
| #define PACKAGE "gadgetviewer"
| #define VERSION "1.0.6"
| #define STDC_HEADERS 1
| #define HAVE_SYS_TYPES_H 1
| #define HAVE_SYS_STAT_H 1
| #define HAVE_STDLIB_H 1
| #define HAVE_STRING_H 1
| #define HAVE_MEMORY_H 1
| #define HAVE_STRINGS_H 1
| #define HAVE_INTTYPES_H 1
| #define HAVE_STDINT_H 1
| #define HAVE_UNISTD_H 1
| #define HAVE_DLFCN_H 1
| #define LT_OBJDIR ".libs/"
| #define STDC_HEADERS 1
| #define SIZEOF_INT 4
| #define SIZEOF_VOID_P 8
| #define SIZEOF_DOUBLE 8
| #define HAVE_LIBM 1
| #define HAVE_LIBZ 1
| #define HAVE_GLIB /**/
| #define HAVE_LIBPNG /**/
| #define HAVE_CAIRO /**/
| #define HAVE_HDF5 /**/
| #define HAVE_KEYFILE /**/
| /* end confdefs.h.  */
| 
| /* Override any GCC internal prototype to avoid an error.
|    Use char because int might match the return type of a GCC
|    builtin and then its argument prototype would still apply.  */
| #ifdef __cplusplus
| extern "C"
| #endif
| char foobar ();
| #ifdef FC_DUMMY_MAIN
| #ifndef FC_DUMMY_MAIN_EQ_F77
| #  ifdef __cplusplus
|      extern "C"
| #  endif
|    int FC_DUMMY_MAIN() { return 1; }
| #endif
| #endif
| int
| main ()
| {
| return foobar ();
|   ;
|   return 0;
| }
configure:19773: gcc -o conftest -g -O2   conftest.c cfortran_test.o -lz -lm   -L/usr/lib/gcc/x86_64-linux-gnu/5 -L/usr/lib/gcc/x86_64-linux-gnu/5/../../../x86_64-linux-gnu -L/usr/lib/gcc/x86_64-linux-gnu/5/../../../../lib -L/lib/x86_64-linux-gnu -L/lib/../lib -L/usr/lib/x86_64-linux-gnu -L/usr/lib/../lib -L/home/claudio/0_Intel/composer_xe_2017/compilers_and_libraries_2017.1.132/linux/ipp/lib/intel64 -L/home/claudio/0_Intel/composer_xe_2017/compilers_and_libraries_2017.1.132/linux/compiler/lib/intel64_lin -L/home/claudio/0_Intel/composer_xe_2017/compilers_and_libraries_2017.1.132/linux/mkl/lib/intel64_lin -L/home/claudio/0_Intel/composer_xe_2017/compilers_and_libraries_2017.1.132/linux/tbb/lib/intel64/gcc4.7 -L/home/claudio/0_Intel/composer_xe_2017/compilers_and_libraries_2017.1.132/linux/daal/lib/intel64_lin -L/home/claudio/0_Intel/composer_xe_2017/compilers_and_libraries_2017.1.132/linux/daal/../tbb/lib/intel64_lin/gcc4.4 -L/usr/lib/gcc/x86_64-linux-gnu/5/../../.. -lz -lgfortran -lm -lquadmath >&5
configure:19780: $? = 0
configure:19862: gcc -o conftest -g -O2   conftest.c cfortran_test.o -lz -lm   -L/usr/lib/gcc/x86_64-linux-gnu/5 -L/usr/lib/gcc/x86_64-linux-gnu/5/../../../x86_64-linux-gnu -L/usr/lib/gcc/x86_64-linux-gnu/5/../../../../lib -L/lib/x86_64-linux-gnu -L/lib/../lib -L/usr/lib/x86_64-linux-gnu -L/usr/lib/../lib -L/home/claudio/0_Intel/composer_xe_2017/compilers_and_libraries_2017.1.132/linux/ipp/lib/intel64 -L/home/claudio/0_Intel/composer_xe_2017/compilers_and_libraries_2017.1.132/linux/compiler/lib/intel64_lin -L/home/claudio/0_Intel/composer_xe_2017/compilers_and_libraries_2017.1.132/linux/mkl/lib/intel64_lin -L/home/claudio/0_Intel/composer_xe_2017/compilers_and_libraries_2017.1.132/linux/tbb/lib/intel64/gcc4.7 -L/home/claudio/0_Intel/composer_xe_2017/compilers_and_libraries_2017.1.132/linux/daal/lib/intel64_lin -L/home/claudio/0_Intel/composer_xe_2017/compilers_and_libraries_2017.1.132/linux/daal/../tbb/lib/intel64_lin/gcc4.4 -L/usr/lib/gcc/x86_64-linux-gnu/5/../../.. -lz -lgfortran -lm -lquadmath >&5
configure:19869: $? = 0
configure:19932: result: lower case, underscore, no extra underscore
configure:20034: checking for Fortran flag to compile .f90 files
configure:20056: gfortran -c -g -O2  conftest.f90 >&5
configure:20063: $? = 0
configure:20082: result: none
configure:20106: checking fortran 90 modules inclusion flag
configure:20139: gfortran -c -g -O2  conftest.f90 >&5
configure:20146: $? = 0
configure:20181: gfortran -c -g -O2 -I tmpdir_0  conftest.f90 >&5
configure:20188: $? = 0
configure:20218: result: -I 
configure:20222: checking fortran 90 modules extension
configure:20255: gfortran -c -g -O2  conftest.f90 >&5
configure:20262: $? = 0
configure:20292: result: mod
configure:20304: checking if we have Fortran 2003 command line functions
configure:20323: gfortran -o conftest -g -O2   conftest.f90 -lz -lm  >&5
configure:20330: $? = 0
configure:20338: result: yes
configure:20357: checking if we can use getarg() and iargc()
configure:20376: gfortran -o conftest -g -O2   conftest.f90 -lz -lm  >&5
configure:20383: $? = 0
configure:20391: result: yes
configure:20410: checking if we can use getarg() and iargc() if iargc is declared
configure:20430: gfortran -o conftest -g -O2   conftest.f90 -lz -lm  >&5
/tmp/ccG8qHbW.o: In function `MAIN__':
/home/claudio/workshops/mini-taller-2017/gabbasov-gadget/gadgetviewer-1.0.6/conftest.f90:7: undefined reference to `iargc_'
collect2: error: ld returned 1 exit status
configure:20437: $? = 1
configure: failed program was:
|       program main
| 
|   implicit none
|   integer :: i
|   integer, external :: iargc
|   character(len=500) :: str
|   i = iargc()
|   call getarg(1,str)
| 
|       end
configure:20456: result: no
configure:20720: creating ./config.status

## ---------------------- ##
## Running config.status. ##
## ---------------------- ##

This file was extended by config.status, which was
generated by GNU Autoconf 2.63.  Invocation command line was

  CONFIG_FILES    = 
  CONFIG_HEADERS  = 
  CONFIG_LINKS    = 
  CONFIG_COMMANDS = 
  $ ./config.status 

on hikuri2

config.status:1156: creating Makefile
config.status:1156: creating drawing/Makefile
config.status:1156: creating drawing/src/Makefile
config.status:1156: creating main/Makefile
config.status:1156: creating main/src/Makefile
config.status:1156: creating f90_gui/Makefile
config.status:1156: creating f90_gui/src/Makefile
config.status:1156: creating f90_util/Makefile
config.status:1156: creating f90_util/src/Makefile
config.status:1156: creating hdf5/Makefile
config.status:1156: creating hdf5/src/Makefile
config.status:1156: creating conf/Makefile
config.status:1156: creating read_gadget/Makefile
config.status:1156: creating read_gadget/src/Makefile
config.status:1156: creating read_eagle/Makefile
config.status:1156: creating read_eagle/src/Makefile
config.status:1156: creating doc/Makefile
config.status:1156: creating ./config.h
config.status:1435: executing depfiles commands
config.status:1435: executing libtool commands

## ---------------- ##
## Cache variables. ##
## ---------------- ##

ac_cv_build=x86_64-unknown-linux-gnu
ac_cv_c_bigendian=no
ac_cv_c_compiler_gnu=yes
ac_cv_env_CAIRO_CFLAGS_set=
ac_cv_env_CAIRO_CFLAGS_value=
ac_cv_env_CAIRO_LIBS_set=
ac_cv_env_CAIRO_LIBS_value=
ac_cv_env_CC_set=
ac_cv_env_CC_value=
ac_cv_env_CFLAGS_set=
ac_cv_env_CFLAGS_value=
ac_cv_env_CPPFLAGS_set=
ac_cv_env_CPPFLAGS_value=
ac_cv_env_CPP_set=
ac_cv_env_CPP_value=
ac_cv_env_FCFLAGS_set=
ac_cv_env_FCFLAGS_value=
ac_cv_env_FC_set=
ac_cv_env_FC_value=
ac_cv_env_GLIB_CFLAGS_set=
ac_cv_env_GLIB_CFLAGS_value=
ac_cv_env_GLIB_LIBS_set=
ac_cv_env_GLIB_LIBS_value=
ac_cv_env_HDF5_CFLAGS_set=
ac_cv_env_HDF5_CFLAGS_value=
ac_cv_env_HDF5_LIBS_set=
ac_cv_env_HDF5_LIBS_value=
ac_cv_env_LDFLAGS_set=
ac_cv_env_LDFLAGS_value=
ac_cv_env_LIBPNG_CFLAGS_set=
ac_cv_env_LIBPNG_CFLAGS_value=
ac_cv_env_LIBPNG_LIBS_set=
ac_cv_env_LIBPNG_LIBS_value=
ac_cv_env_LIBS_set=
ac_cv_env_LIBS_value=
ac_cv_env_PKG_CONFIG_set=
ac_cv_env_PKG_CONFIG_value=
ac_cv_env_PLPLOT_CFLAGS_set=
ac_cv_env_PLPLOT_CFLAGS_value=
ac_cv_env_PLPLOT_LIBS_set=
ac_cv_env_PLPLOT_LIBS_value=
ac_cv_env_build_alias_set=
ac_cv_env_build_alias_value=
ac_cv_env_host_alias_set=
ac_cv_env_host_alias_value=
ac_cv_env_target_alias_set=
ac_cv_env_target_alias_value=
ac_cv_fc_compiler_gnu=yes
ac_cv_fc_dummy_main=none
ac_cv_fc_libs=' -L/usr/lib/gcc/x86_64-linux-gnu/5 -L/usr/lib/gcc/x86_64-linux-gnu/5/../../../x86_64-linux-gnu -L/usr/lib/gcc/x86_64-linux-gnu/5/../../../../lib -L/lib/x86_64-linux-gnu -L/lib/../lib -L/usr/lib/x86_64-linux-gnu -L/usr/lib/../lib -L/home/claudio/0_Intel/composer_xe_2017/compilers_and_libraries_2017.1.132/linux/ipp/lib/intel64 -L/home/claudio/0_Intel/composer_xe_2017/compilers_and_libraries_2017.1.132/linux/compiler/lib/intel64_lin -L/home/claudio/0_Intel/composer_xe_2017/compilers_and_libraries_2017.1.132/linux/mkl/lib/intel64_lin -L/home/claudio/0_Intel/composer_xe_2017/compilers_and_libraries_2017.1.132/linux/tbb/lib/intel64/gcc4.7 -L/home/claudio/0_Intel/composer_xe_2017/compilers_and_libraries_2017.1.132/linux/daal/lib/intel64_lin -L/home/claudio/0_Intel/composer_xe_2017/compilers_and_libraries_2017.1.132/linux/daal/../tbb/lib/intel64_lin/gcc4.4 -L/usr/lib/gcc/x86_64-linux-gnu/5/../../.. -lz -lgfortran -lm -lquadmath'
ac_cv_fc_mangling='lower case, underscore, no extra underscore'
ac_cv_fc_srcext_f90=none
ac_cv_fortran_dummy_main=none
ac_cv_header_dlfcn_h=yes
ac_cv_header_inttypes_h=yes
ac_cv_header_memory_h=yes
ac_cv_header_stdc=yes
ac_cv_header_stdint_h=yes
ac_cv_header_stdlib_h=yes
ac_cv_header_string_h=yes
ac_cv_header_strings_h=yes
ac_cv_header_sys_stat_h=yes
ac_cv_header_sys_types_h=yes
ac_cv_header_unistd_h=yes
ac_cv_host=x86_64-unknown-linux-gnu
ac_cv_lib_cairo_cairo_version_string=yes
ac_cv_lib_glib_2_0_g_key_file_new=yes
ac_cv_lib_glib_2_0_g_main_loop_new=yes
ac_cv_lib_hdf5_H5open=yes
ac_cv_lib_m_fabs=yes
ac_cv_lib_plplotd_c_plgver=no
ac_cv_lib_png_png_create_write_struct=yes
ac_cv_lib_z_inflate=yes
ac_cv_objext=o
ac_cv_path_EGREP='/bin/grep -E'
ac_cv_path_FGREP='/bin/grep -F'
ac_cv_path_GREP=/bin/grep
ac_cv_path_PKG_CONFIG=/usr/bin/pkg-config
ac_cv_path_PYTHON=/usr/bin/python
ac_cv_path_SED=/bin/sed
ac_cv_path_install='/usr/bin/install -c'
ac_cv_path_mkdir=/bin/mkdir
ac_cv_prog_AWK=mawk
ac_cv_prog_CPP='gcc -E'
ac_cv_prog_ac_ct_AR=ar
ac_cv_prog_ac_ct_CC=gcc
ac_cv_prog_ac_ct_FC=gfortran
ac_cv_prog_ac_ct_OBJDUMP=objdump
ac_cv_prog_ac_ct_RANLIB=ranlib
ac_cv_prog_ac_ct_STRIP=strip
ac_cv_prog_cc_c89=
ac_cv_prog_cc_g=yes
ac_cv_prog_fc_g=yes
ac_cv_prog_fc_v=-v
ac_cv_prog_make_make_set=yes
ac_cv_sizeof_double=8
ac_cv_sizeof_int=4
ac_cv_sizeof_void_p=8
am_cv_CC_dependencies_compiler_type=gcc3
am_cv_pathless_PYTHON=python
am_cv_python_platform=linux2
am_cv_python_pyexecdir='${exec_prefix}/lib/python2.7/site-packages'
am_cv_python_pythondir='${prefix}/lib/python2.7/site-packages'
am_cv_python_version=2.7
ax_cv_f90_modext=mod
ax_cv_f90_modflag='-I '
lt_cv_deplibs_check_method=pass_all
lt_cv_file_magic_cmd='$MAGIC_CMD'
lt_cv_file_magic_test_file=
lt_cv_ld_reload_flag=-r
lt_cv_nm_interface='BSD nm'
lt_cv_objdir=.libs
lt_cv_path_LD=/usr/bin/ld
lt_cv_path_NM='/usr/bin/nm -B'
lt_cv_prog_compiler_c_o=yes
lt_cv_prog_compiler_c_o_FC=yes
lt_cv_prog_compiler_pic_works=yes
lt_cv_prog_compiler_pic_works_FC=yes
lt_cv_prog_compiler_rtti_exceptions=no
lt_cv_prog_compiler_static_works=yes
lt_cv_prog_compiler_static_works_FC=yes
lt_cv_prog_gnu_ld=yes
lt_cv_sys_global_symbol_pipe='sed -n -e '\''s/^.*[	 ]\([ABCDGIRSTW][ABCDGIRSTW]*\)[	 ][	 ]*\([_A-Za-z][_A-Za-z0-9]*\)$/\1 \2 \2/p'\'''
lt_cv_sys_global_symbol_to_c_name_address='sed -n -e '\''s/^: \([^ ]*\) $/  {\"\1\", (void *) 0},/p'\'' -e '\''s/^[ABCDGIRSTW]* \([^ ]*\) \([^ ]*\)$/  {"\2", (void *) \&\2},/p'\'''
lt_cv_sys_global_symbol_to_c_name_address_lib_prefix='sed -n -e '\''s/^: \([^ ]*\) $/  {\"\1\", (void *) 0},/p'\'' -e '\''s/^[ABCDGIRSTW]* \([^ ]*\) \(lib[^ ]*\)$/  {"\2", (void *) \&\2},/p'\'' -e '\''s/^[ABCDGIRSTW]* \([^ ]*\) \([^ ]*\)$/  {"lib\2", (void *) \&\2},/p'\'''
lt_cv_sys_global_symbol_to_cdecl='sed -n -e '\''s/^T .* \(.*\)$/extern int \1();/p'\'' -e '\''s/^[ABCDGIRSTW]* .* \(.*\)$/extern char \1;/p'\'''
lt_cv_sys_max_cmd_len=1572864
pkg_cv_CAIRO_CFLAGS='-I/usr/include/cairo -I/usr/include/glib-2.0 -I/usr/lib/x86_64-linux-gnu/glib-2.0/include -I/usr/include/pixman-1 -I/usr/include/freetype2 -I/usr/include/libpng12'
pkg_cv_CAIRO_LIBS=-lcairo
pkg_cv_GLIB_CFLAGS='-I/usr/include/glib-2.0 -I/usr/lib/x86_64-linux-gnu/glib-2.0/include'
pkg_cv_GLIB_LIBS=-lglib-2.0
pkg_cv_HDF5_CFLAGS=-I/usr/include/hdf5/serial
pkg_cv_HDF5_LIBS='-L/usr/lib/x86_64-linux-gnu/hdf5/serial -lhdf5'
pkg_cv_LIBPNG_CFLAGS=-I/usr/include/libpng12
pkg_cv_LIBPNG_LIBS=-lpng12

## ----------------- ##
## Output variables. ##
## ----------------- ##

ACLOCAL='${SHELL} /home/claudio/workshops/mini-taller-2017/gabbasov-gadget/gadgetviewer-1.0.6/conf/missing --run aclocal-1.11'
AMDEPBACKSLASH='\'
AMDEP_FALSE='#'
AMDEP_TRUE=''
AMTAR='${SHELL} /home/claudio/workshops/mini-taller-2017/gabbasov-gadget/gadgetviewer-1.0.6/conf/missing --run tar'
AR='ar'
AUTOCONF='${SHELL} /home/claudio/workshops/mini-taller-2017/gabbasov-gadget/gadgetviewer-1.0.6/conf/missing --run autoconf'
AUTOHEADER='${SHELL} /home/claudio/workshops/mini-taller-2017/gabbasov-gadget/gadgetviewer-1.0.6/conf/missing --run autoheader'
AUTOMAKE='${SHELL} /home/claudio/workshops/mini-taller-2017/gabbasov-gadget/gadgetviewer-1.0.6/conf/missing --run automake-1.11'
AWK='mawk'
CAIRO_CFLAGS='-I/usr/include/cairo -I/usr/include/glib-2.0 -I/usr/lib/x86_64-linux-gnu/glib-2.0/include -I/usr/include/pixman-1 -I/usr/include/freetype2 -I/usr/include/libpng12'
CAIRO_LIBS='-lcairo'
CC='gcc'
CCDEPMODE='depmode=gcc3'
CFLAGS='-g -O2'
COND_HDF5_FALSE='#'
COND_HDF5_TRUE=''
CPP='gcc -E'
CPPFLAGS=''
CYGPATH_W='echo'
DEFS='-DHAVE_CONFIG_H'
DEPDIR='.deps'
DSYMUTIL=''
DUMPBIN=''
ECHO_C=''
ECHO_N='-n'
ECHO_T=''
EGREP='/bin/grep -E'
EXEEXT=''
FC='gfortran'
FCFLAGS='-g -O2'
FCFLAGS_f90=''
FCLIBS=' -L/usr/lib/gcc/x86_64-linux-gnu/5 -L/usr/lib/gcc/x86_64-linux-gnu/5/../../../x86_64-linux-gnu -L/usr/lib/gcc/x86_64-linux-gnu/5/../../../../lib -L/lib/x86_64-linux-gnu -L/lib/../lib -L/usr/lib/x86_64-linux-gnu -L/usr/lib/../lib -L/home/claudio/0_Intel/composer_xe_2017/compilers_and_libraries_2017.1.132/linux/ipp/lib/intel64 -L/home/claudio/0_Intel/composer_xe_2017/compilers_and_libraries_2017.1.132/linux/compiler/lib/intel64_lin -L/home/claudio/0_Intel/composer_xe_2017/compilers_and_libraries_2017.1.132/linux/mkl/lib/intel64_lin -L/home/claudio/0_Intel/composer_xe_2017/compilers_and_libraries_2017.1.132/linux/tbb/lib/intel64/gcc4.7 -L/home/claudio/0_Intel/composer_xe_2017/compilers_and_libraries_2017.1.132/linux/daal/lib/intel64_lin -L/home/claudio/0_Intel/composer_xe_2017/compilers_and_libraries_2017.1.132/linux/daal/../tbb/lib/intel64_lin/gcc4.4 -L/usr/lib/gcc/x86_64-linux-gnu/5/../../.. -lz -lgfortran -lm -lquadmath'
FGREP='/bin/grep -F'
GLIB_CFLAGS='-I/usr/include/glib-2.0 -I/usr/lib/x86_64-linux-gnu/glib-2.0/include'
GLIB_LIBS='-lglib-2.0'
GREP='/bin/grep'
GTK_CFLAGS='-pthread -I/usr/include/gtk-2.0 -I/usr/lib/x86_64-linux-gnu/gtk-2.0/include -I/usr/include/gio-unix-2.0/ -I/usr/include/cairo -I/usr/include/pango-1.0 -I/usr/include/atk-1.0 -I/usr/include/cairo -I/usr/include/pixman-1 -I/usr/include/libpng12 -I/usr/include/gdk-pixbuf-2.0 -I/usr/include/libpng12 -I/usr/include/pango-1.0 -I/usr/include/harfbuzz -I/usr/include/pango-1.0 -I/usr/include/glib-2.0 -I/usr/lib/x86_64-linux-gnu/glib-2.0/include -I/usr/include/freetype2'
GTK_LIBS='-lgtk-x11-2.0 -lgdk-x11-2.0 -lpangocairo-1.0 -latk-1.0 -lcairo -lgdk_pixbuf-2.0 -lgio-2.0 -lpangoft2-1.0 -lpango-1.0 -lgobject-2.0 -lglib-2.0 -lfontconfig -lfreetype'
HDF5_CFLAGS='-I/usr/include/hdf5/serial'
HDF5_LIBS='-L/usr/lib/x86_64-linux-gnu/hdf5/serial -lhdf5'
INSTALL_DATA='${INSTALL} -m 644'
INSTALL_PROGRAM='${INSTALL}'
INSTALL_SCRIPT='${INSTALL}'
INSTALL_STRIP_PROGRAM='$(install_sh) -c -s'
LD='/usr/bin/ld -m elf_x86_64'
LDFLAGS=''
LIBOBJS=''
LIBPNG_CFLAGS='-I/usr/include/libpng12'
LIBPNG_LIBS='-lpng12'
LIBS='-lz -lm '
LIBTOOL='$(SHELL) $(top_builddir)/libtool'
LIPO=''
LN_S='ln -s'
LTLIBOBJS=''
MAINT='#'
MAINTAINER_MODE_FALSE=''
MAINTAINER_MODE_TRUE='#'
MAKEINFO='${SHELL} /home/claudio/workshops/mini-taller-2017/gabbasov-gadget/gadgetviewer-1.0.6/conf/missing --run makeinfo'
MKDIR_P='/bin/mkdir -p'
NM='/usr/bin/nm -B'
NMEDIT=''
OBJDUMP='objdump'
OBJEXT='o'
OTOOL64=''
OTOOL=''
PACKAGE='gadgetviewer'
PACKAGE_BUGREPORT=''
PACKAGE_NAME=''
PACKAGE_STRING=''
PACKAGE_TARNAME=''
PACKAGE_VERSION=''
PATH_SEPARATOR=':'
PKG_CONFIG='/usr/bin/pkg-config'
PLPLOT_CFLAGS=''
PLPLOT_LIBS=''
PYTHON='/usr/bin/python'
PYTHON_EXEC_PREFIX='${exec_prefix}'
PYTHON_PLATFORM='linux2'
PYTHON_PREFIX='${prefix}'
PYTHON_VERSION='2.7'
RANLIB='ranlib'
SED='/bin/sed'
SET_MAKE=''
SHELL='/bin/bash'
STRIP='strip'
VERSION='1.0.6'
ac_ct_CC='gcc'
ac_ct_DUMPBIN=''
ac_ct_FC='gfortran'
am__EXEEXT_FALSE=''
am__EXEEXT_TRUE='#'
am__fastdepCC_FALSE='#'
am__fastdepCC_TRUE=''
am__include='include'
am__isrc=''
am__leading_dot='.'
am__quote=''
am__tar='${AMTAR} chof - "$$tardir"'
am__untar='${AMTAR} xf -'
ax_cv_f90_modext='mod'
ax_cv_f90_modflag='-I '
bindir='${exec_prefix}/bin'
build='x86_64-unknown-linux-gnu'
build_alias=''
build_cpu='x86_64'
build_os='linux-gnu'
build_vendor='unknown'
datadir='${datarootdir}'
datarootdir='${prefix}/share'
docdir='${datarootdir}/doc/${PACKAGE}'
dvidir='${docdir}'
exec_prefix='${prefix}'
host='x86_64-unknown-linux-gnu'
host_alias=''
host_cpu='x86_64'
host_os='linux-gnu'
host_vendor='unknown'
htmldir='${docdir}'
includedir='${prefix}/include'
infodir='${datarootdir}/info'
install_sh='${SHELL} /home/claudio/workshops/mini-taller-2017/gabbasov-gadget/gadgetviewer-1.0.6/conf/install-sh'
libdir='${exec_prefix}/lib'
libexecdir='${exec_prefix}/libexec'
localedir='${datarootdir}/locale'
localstatedir='${prefix}/var'
lt_ECHO='echo'
mandir='${datarootdir}/man'
mkdir_p='/bin/mkdir -p'
oldincludedir='/usr/include'
pdfdir='${docdir}'
pkgpyexecdir='${pyexecdir}/gadgetviewer'
pkgpythondir='${pythondir}/gadgetviewer'
prefix='/home/claudio/workshops/mini-taller-2017/gabbasov-gadget/gadget/viewer'
program_transform_name='s,x,x,'
psdir='${docdir}'
pyexecdir='${exec_prefix}/lib/python2.7/site-packages'
pythondir='${prefix}/lib/python2.7/site-packages'
sbindir='${exec_prefix}/sbin'
sharedstatedir='${prefix}/com'
sysconfdir='${prefix}/etc'
target_alias=''

## ------------------- ##
## File substitutions. ##
## ------------------- ##

ax_mod_deps_drawing='./mod-deps-drawing'
ax_mod_deps_f90_gui='./mod-deps-f90_gui'
ax_mod_deps_f90_util='./mod-deps-f90_util'
ax_mod_deps_hdf5='./mod-deps-hdf5'
ax_mod_deps_main='./mod-deps-main'
ax_mod_deps_read_eagle='./mod-deps-read_eagle'
ax_mod_deps_read_gadget='./mod-deps-read_gadget'

## ----------- ##
## confdefs.h. ##
## ----------- ##

#define PACKAGE_NAME ""
#define PACKAGE_TARNAME ""
#define PACKAGE_VERSION ""
#define PACKAGE_STRING ""
#define PACKAGE_BUGREPORT ""
#define PACKAGE "gadgetviewer"
#define VERSION "1.0.6"
#define STDC_HEADERS 1
#define HAVE_SYS_TYPES_H 1
#define HAVE_SYS_STAT_H 1
#define HAVE_STDLIB_H 1
#define HAVE_STRING_H 1
#define HAVE_MEMORY_H 1
#define HAVE_STRINGS_H 1
#define HAVE_INTTYPES_H 1
#define HAVE_STDINT_H 1
#define HAVE_UNISTD_H 1
#define HAVE_DLFCN_H 1
#define LT_OBJDIR ".libs/"
#define STDC_HEADERS 1
#define SIZEOF_INT 4
#define SIZEOF_VOID_P 8
#define SIZEOF_DOUBLE 8
#define HAVE_LIBM 1
#define HAVE_LIBZ 1
#define HAVE_GLIB /**/
#define HAVE_LIBPNG /**/
#define HAVE_CAIRO /**/
#define HAVE_HDF5 /**/
#define HAVE_KEYFILE /**/
#define FC_FUNC(name,NAME) name ## _
#define FC_FUNC_(name,NAME) name ## _
#define F2003_CMDLINE /**/
#define IARGC_CMDLINE /**/
#define POSKIND 4
#define VELKIND 4
#define RPROPKIND 4
#define IPROPKIND 4
#define INDEXKIND 4

configure: exit 0
